<?xml version="1.0" encoding="UTF-8"?>
<!-- Generated by org.testng.reporters.JUnitReportReporter -->
<testsuite skipped="0" hostname="LIN39000331" name="com.actitime.tests.InvalidLoginTest" tests="1" failures="0" timestamp="16 Jan 2019 03:24:44 GMT" time="32.767" errors="0">
  <testcase name="testInvalidLogin" time="32.767" classname="com.actitime.tests.InvalidLoginTest"/>
</testsuite> <!-- com.actitime.tests.InvalidLoginTest -->
