<?xml version="1.0" encoding="UTF-8"?>
<!-- Generated by org.testng.reporters.JUnitReportReporter -->
<testsuite skipped="0" hostname="LIN39000331" name="com.actitime.tests.verifyversiontest" tests="1" failures="0" timestamp="16 Jan 2019 03:24:44 GMT" time="22.046" errors="0">
  <testcase name="testverifyversion" time="22.046" classname="com.actitime.tests.verifyversiontest"/>
</testsuite> <!-- com.actitime.tests.verifyversiontest -->
