<?xml version="1.0" encoding="UTF-8"?>
<!-- Generated by org.testng.reporters.JUnitReportReporter -->
<testsuite skipped="0" hostname="LIN39000331" name="com.actitime.tests.ValidLoginLogOut" tests="1" failures="0" timestamp="16 Jan 2019 03:24:44 GMT" time="23.625" errors="0">
  <testcase name="testValidLoginLogout" time="23.625" classname="com.actitime.tests.ValidLoginLogOut"/>
</testsuite> <!-- com.actitime.tests.ValidLoginLogOut -->
